<?xml version="1.0" encoding="UTF-8"?>
<!-- Generated by org.testng.reporters.JUnitReportReporter -->
<testsuite hostname="ATMECSINLT-1194" failures="0" tests="1" name="com.qa.emulator.test.HomePageTest" time="19.073" errors="0" timestamp="2023-09-14T16:54:15 IST" skipped="0">
  <testcase classname="com.qa.emulator.test.HomePageTest" name="handleAlertTest" time="19.073"/>
  <system-out/>
</testsuite> <!-- com.qa.emulator.test.HomePageTest -->
