<?xml version="1.0" encoding="UTF-8"?>
<!-- Generated by org.testng.reporters.JUnitReportReporter -->
<testsuite hostname="ATMECSINLT-1194" failures="0" tests="1" name="com.qa.emulator.testscripts.HomepageTest" time="43.732" errors="0" timestamp="2023-08-30T11:07:15 IST" skipped="0">
  <testcase classname="com.qa.emulator.testscripts.HomepageTest" name="appLaunchTest" time="43.732"/>
  <system-out/>
</testsuite> <!-- com.qa.emulator.testscripts.HomepageTest -->
