<?xml version="1.0" encoding="UTF-8"?>
<!-- Generated by org.testng.reporters.JUnitReportReporter -->
<testsuite hostname="ATMECSINLT-1194" failures="0" tests="5" name="com.qa.emulator.test.ListViewTest" time="134.349" errors="0" timestamp="2023-09-28T18:42:54 IST" skipped="0">
  <testcase classname="com.qa.emulator.test.ListViewTest" name="scrollAndClickTest" time="30.986"/>
  <testcase classname="com.qa.emulator.test.ListViewTest" name="scrollAndClickTest" time="17.151"/>
  <testcase classname="com.qa.emulator.test.ListViewTest" name="scrollAndClickTest" time="39.090"/>
  <testcase classname="com.qa.emulator.test.ListViewTest" name="scrollAndClickTest" time="30.968"/>
  <testcase classname="com.qa.emulator.test.ListViewTest" name="scrollAndClickTest" time="16.154"/>
</testsuite> <!-- com.qa.emulator.test.ListViewTest -->
