<?xml version="1.0" encoding="UTF-8"?>
<!-- Generated by org.testng.reporters.JUnitReportReporter -->
<testsuite hostname="ATMECSINLT-1194" failures="0" tests="1" name="com.qa.emulator.test.HandleAlertTest" time="0.705" errors="0" timestamp="2023-09-05T18:18:10 IST" skipped="0">
  <testcase classname="com.qa.emulator.test.HandleAlertTest" name="handleAlertTest" time="0.705"/>
  <system-out/>
</testsuite> <!-- com.qa.emulator.test.HandleAlertTest -->
