<?xml version="1.0" encoding="UTF-8"?>
<!-- Generated by org.testng.reporters.JUnitReportReporter -->
<testsuite hostname="ATMECSINLT-1194" failures="0" tests="1" name="com.qa.emulator.test.TabSwippingTest" time="6.714" errors="0" timestamp="2023-09-05T16:02:22 IST" skipped="0">
  <testcase classname="com.qa.emulator.test.TabSwippingTest" name="tabSwippingTest" time="6.714"/>
  <system-out/>
</testsuite> <!-- com.qa.emulator.test.TabSwippingTest -->
