<?xml version="1.0" encoding="UTF-8"?>
<!-- Generated by org.testng.reporters.JUnitReportReporter -->
<testsuite hostname="ATMECSINLT-1194" failures="0" tests="2" name="com.qa.emulator.testscripts.AndroidEmulator" time="0.029" errors="0" timestamp="2023-08-29T19:30:43 IST" skipped="0">
  <testcase classname="com.qa.emulator.testscripts.AndroidEmulator" name="appLaunchTest" time="0.004"/>
  <system-out/>
  <testcase classname="com.qa.emulator.testscripts.AndroidEmulator" name="appLaunchTest" time="0.025"/>
  <system-out/>
</testsuite> <!-- com.qa.emulator.testscripts.AndroidEmulator -->
