<?xml version="1.0" encoding="UTF-8"?>
<!-- Generated by org.testng.reporters.JUnitReportReporter -->
<testsuite hostname="ATMECSINLT-1194" failures="0" tests="1" name="com.qa.emulator.test.AddToCartTest" time="0.011" errors="0" timestamp="2023-10-03T09:33:49 IST" skipped="0">
  <testcase classname="com.qa.emulator.test.AddToCartTest" name="productAddedToCartTest" time="0.011"/>
</testsuite> <!-- com.qa.emulator.test.AddToCartTest -->
