<?xml version="1.0" encoding="UTF-8"?>
<!-- Generated by org.testng.reporters.JUnitReportReporter -->
<testsuite hostname="ATMECSINLT-1194" failures="0" tests="1" name="com.qa.emulator.test.TextSpeechTest" time="8.703" errors="0" timestamp="2023-09-28T18:42:54 IST" skipped="0">
  <testcase classname="com.qa.emulator.test.TextSpeechTest" name="textSpeechTest" time="8.703"/>
</testsuite> <!-- com.qa.emulator.test.TextSpeechTest -->
