<?xml version="1.0" encoding="UTF-8"?>
<!-- Generated by org.testng.reporters.JUnitReportReporter -->
<testsuite hostname="ATMECSINLT-1194" failures="0" tests="1" name="com.qa.emulator.constants.Constants" time="0.009" errors="0" timestamp="2023-08-28T12:06:30 IST" skipped="0">
  <testcase classname="com.qa.emulator.constants.Constants" name="asa" time="0.009"/>
  <system-out/>
</testsuite> <!-- com.qa.emulator.constants.Constants -->
