<?xml version="1.0" encoding="UTF-8"?>
<!-- Generated by org.testng.reporters.JUnitReportReporter -->
<testsuite hostname="ATMECSINLT-1194" failures="0" tests="1" name="com.qa.emulator.test.ScreenOrientationTest" time="17.667" errors="0" timestamp="2023-09-05T16:02:22 IST" skipped="0">
  <testcase classname="com.qa.emulator.test.ScreenOrientationTest" name="screenOrientationTest" time="17.667"/>
  <system-out/>
</testsuite> <!-- com.qa.emulator.test.ScreenOrientationTest -->
