<?xml version="1.0" encoding="UTF-8"?>
<!-- Generated by org.testng.reporters.JUnitReportReporter -->
<testsuite hostname="ATMECSINLT-1194" failures="0" tests="1" name="com.lambdatest.TestNGTodo1" time="23.803" errors="0" timestamp="2023-06-27T19:07:16 IST" skipped="0">
  <testcase classname="com.lambdatest.TestNGTodo1" name="basicTest" time="23.803"/>
  <system-out/>
</testsuite> <!-- com.lambdatest.TestNGTodo1 -->
