<?xml version="1.0" encoding="UTF-8"?>
<!-- Generated by org.testng.reporters.JUnitReportReporter -->
<testsuite hostname="ATMECSINLT-1194" failures="0" tests="1" name="com.lambdatest.TestNGTodo3" time="22.638" errors="0" timestamp="2023-06-27T19:08:49 IST" skipped="0">
  <testcase classname="com.lambdatest.TestNGTodo3" name="basicTest" time="22.638"/>
  <system-out/>
</testsuite> <!-- com.lambdatest.TestNGTodo3 -->
