<?xml version="1.0" encoding="UTF-8"?>
<!-- Generated by org.testng.reporters.JUnitReportReporter -->
<testsuite hostname="ATMECSINLT-1194" failures="0" tests="1" name="com.lambdatest.TestNGTodo2" time="17.669" errors="0" timestamp="2023-06-27T19:09:11 IST" skipped="0">
  <testcase classname="com.lambdatest.TestNGTodo2" name="basicTest" time="17.669"/>
  <system-out/>
</testsuite> <!-- com.lambdatest.TestNGTodo2 -->
