<?xml version="1.0" encoding="UTF-8"?>
<!-- Generated by org.testng.reporters.JUnitReportReporter -->
<testsuite hostname="ATMECSINLT-1194" failures="0" tests="1" name="com.qa.emulator.test.DragAndDropTest" time="31.837" errors="0" timestamp="2023-10-03T12:13:11 IST" skipped="0">
  <testcase classname="com.qa.emulator.test.DragAndDropTest" name="dragAndDropTest" time="31.837"/>
</testsuite> <!-- com.qa.emulator.test.DragAndDropTest -->
