<?xml version="1.0" encoding="UTF-8"?>
<!-- Generated by org.testng.reporters.JUnitReportReporter -->
<testsuite hostname="ATMECSINLT-1194" failures="0" tests="4" name="com.qa.emulator.test.ListViewTest" time="52.654" errors="0" timestamp="2023-10-03T12:13:11 IST" skipped="0">
  <testcase classname="com.qa.emulator.test.ListViewTest" name="doubleTapAndFlingTest" time="23.141"/>
  <testcase classname="com.qa.emulator.test.ListViewTest" name="scrollAndClickTest" time="25.387"/>
  <testcase classname="com.qa.emulator.test.ListViewTest" name="scrollAndClickTest" time="2.118"/>
  <testcase classname="com.qa.emulator.test.ListViewTest" name="scrollAndClickTest" time="2.008"/>
</testsuite> <!-- com.qa.emulator.test.ListViewTest -->
