<?xml version="1.0" encoding="UTF-8"?>
<!-- Generated by org.testng.reporters.JUnitReportReporter -->
<testsuite hostname="ATMECSINLT-1194" failures="0" tests="1" name="com.qa.emulator.test.DatePickerTest" time="14.989" errors="0" timestamp="2023-09-20T16:10:33 IST" skipped="0">
  <testcase classname="com.qa.emulator.test.DatePickerTest" name="name" time="14.989"/>
  <system-out/>
</testsuite> <!-- com.qa.emulator.test.DatePickerTest -->
