<?xml version="1.0" encoding="UTF-8"?>
<!-- Generated by org.testng.reporters.JUnitReportReporter -->
<testsuite hostname="ATMECSINLT-1194" failures="0" tests="5" name="com.qa.emulator.test.ScrollAndClickTest" time="79.378" errors="0" timestamp="2023-09-04T19:40:30 IST" skipped="0">
  <testcase classname="com.qa.emulator.test.ScrollAndClickTest" name="scrollAndClickTest" time="36.880"/>
  <system-out/>
  <testcase classname="com.qa.emulator.test.ScrollAndClickTest" name="scrollAndClickTest" time="10.366"/>
  <system-out/>
  <testcase classname="com.qa.emulator.test.ScrollAndClickTest" name="scrollAndClickTest" time="21.506"/>
  <system-out/>
  <testcase classname="com.qa.emulator.test.ScrollAndClickTest" name="scrollAndClickTest" time="5.152"/>
  <system-out/>
  <testcase classname="com.qa.emulator.test.ScrollAndClickTest" name="scrollAndClickTest" time="5.474"/>
  <system-out/>
</testsuite> <!-- com.qa.emulator.test.ScrollAndClickTest -->
