<?xml version="1.0" encoding="UTF-8"?>
<!-- Generated by org.testng.reporters.JUnitReportReporter -->
<testsuite hostname="ATMECSINLT-1194" failures="0" tests="2" name="com.qa.mobileTesting.todo.TestNGTodoMobile" time="3.405" errors="1" timestamp="2023-06-27T18:53:52 IST" skipped="1">
  <testcase classname="com.qa.mobileTesting.todo.TestNGTodoMobile" name="setup" time="3.404">
    <error message="Could not start a new session. Response code 500. Message: Real Mobile Automation not allowed on your current plan. Please upgrade or contact support
Build info: version: &#039;4.4.0&#039;, revision: &#039;e5c75ed026a&#039;
System info: host: &#039;ATMECSINLT-1194&#039;, ip: &#039;60.60.60.75&#039;, os.name: &#039;Windows 11&#039;, os.arch: &#039;amd64&#039;, os.version: &#039;10.0&#039;, java.version: &#039;19.0.2&#039;
Driver info: org.openqa.selenium.remote.RemoteWebDriver
Command: [null, newSession {capabilities=[Capabilities {build: TestNG With Java, deviceName: Pixel 4a, isRealMobile: true, name: basicTestcom.qa.mobileTesti..., platformName: ANDROID, platformVersion: 11, plugin: git-testng, tags: [Feature, Tag, Moderate]}], desiredCapabilities=Capabilities {build: TestNG With Java, deviceName: Pixel 4a, isRealMobile: true, name: basicTestcom.qa.mobileTesti..., platformName: ANDROID, platformVersion: 11, plugin: git-testng, tags: [Feature, Tag, Moderate]}}]
Capabilities {}" type="org.openqa.selenium.SessionNotCreatedException">
      <![CDATA[org.openqa.selenium.SessionNotCreatedException: Could not start a new session. Response code 500. Message: Real Mobile Automation not allowed on your current plan. Please upgrade or contact support
Build info: version: '4.4.0', revision: 'e5c75ed026a'
System info: host: 'ATMECSINLT-1194', ip: '60.60.60.75', os.name: 'Windows 11', os.arch: 'amd64', os.version: '10.0', java.version: '19.0.2'
Driver info: org.openqa.selenium.remote.RemoteWebDriver
Command: [null, newSession {capabilities=[Capabilities {build: TestNG With Java, deviceName: Pixel 4a, isRealMobile: true, name: basicTestcom.qa.mobileTesti..., platformName: ANDROID, platformVersion: 11, plugin: git-testng, tags: [Feature, Tag, Moderate]}], desiredCapabilities=Capabilities {build: TestNG With Java, deviceName: Pixel 4a, isRealMobile: true, name: basicTestcom.qa.mobileTesti..., platformName: ANDROID, platformVersion: 11, plugin: git-testng, tags: [Feature, Tag, Moderate]}}]
Capabilities {}
at org.openqa.selenium.remote.ProtocolHandshake.createSession(ProtocolHandshake.java:144)
at org.openqa.selenium.remote.ProtocolHandshake.createSession(ProtocolHandshake.java:102)
at org.openqa.selenium.remote.ProtocolHandshake.createSession(ProtocolHandshake.java:67)
at org.openqa.selenium.remote.HttpCommandExecutor.execute(HttpCommandExecutor.java:156)
at org.openqa.selenium.remote.TracedCommandExecutor.execute(TracedCommandExecutor.java:51)
at org.openqa.selenium.remote.RemoteWebDriver.execute(RemoteWebDriver.java:547)
at org.openqa.selenium.remote.RemoteWebDriver.startSession(RemoteWebDriver.java:242)
at org.openqa.selenium.remote.RemoteWebDriver.<init>(RemoteWebDriver.java:157)
at org.openqa.selenium.remote.RemoteWebDriver.<init>(RemoteWebDriver.java:139)
at com.qa.mobileTesting.todo.TestNGTodoMobile.setup(TestNGTodoMobile.java:40)
at java.base/jdk.internal.reflect.DirectMethodHandleAccessor.invoke(DirectMethodHandleAccessor.java:104)
at java.base/java.lang.reflect.Method.invoke(Method.java:578)
at org.testng.internal.invokers.MethodInvocationHelper.invokeMethod(MethodInvocationHelper.java:139)
at org.testng.internal.invokers.MethodInvocationHelper.invokeMethodConsideringTimeout(MethodInvocationHelper.java:69)
at org.testng.internal.invokers.ConfigInvoker.invokeConfigurationMethod(ConfigInvoker.java:361)
at org.testng.internal.invokers.ConfigInvoker.invokeConfigurations(ConfigInvoker.java:296)
at org.testng.internal.invokers.TestInvoker.runConfigMethods(TestInvoker.java:823)
at org.testng.internal.invokers.TestInvoker.invokeMethod(TestInvoker.java:590)
at org.testng.internal.invokers.TestInvoker.invokeTestMethod(TestInvoker.java:221)
at org.testng.internal.invokers.MethodRunner.runInSequence(MethodRunner.java:50)
at org.testng.internal.invokers.TestInvoker$MethodInvocationAgent.invoke(TestInvoker.java:969)
at org.testng.internal.invokers.TestInvoker.invokeTestMethods(TestInvoker.java:194)
at org.testng.internal.invokers.TestMethodWorker.invokeTestMethods(TestMethodWorker.java:148)
at org.testng.internal.invokers.TestMethodWorker.run(TestMethodWorker.java:128)
at java.base/java.util.ArrayList.forEach(ArrayList.java:1511)
at org.testng.TestRunner.privateRun(TestRunner.java:829)
at org.testng.TestRunner.run(TestRunner.java:602)
at org.testng.SuiteRunner.runTest(SuiteRunner.java:437)
at org.testng.SuiteRunner.runSequentially(SuiteRunner.java:431)
at org.testng.SuiteRunner.privateRun(SuiteRunner.java:391)
at org.testng.SuiteRunner.run(SuiteRunner.java:330)
at org.testng.SuiteRunnerWorker.runSuite(SuiteRunnerWorker.java:52)
at org.testng.SuiteRunnerWorker.run(SuiteRunnerWorker.java:95)
at org.testng.TestNG.runSuitesSequentially(TestNG.java:1256)
at org.testng.TestNG.runSuitesLocally(TestNG.java:1176)
at org.testng.TestNG.runSuites(TestNG.java:1099)
at org.testng.TestNG.run(TestNG.java:1067)
at org.testng.remote.AbstractRemoteTestNG.run(AbstractRemoteTestNG.java:115)
at org.testng.remote.RemoteTestNG.initAndRun(RemoteTestNG.java:251)
at org.testng.remote.RemoteTestNG.main(RemoteTestNG.java:77)
]]>
    </error>
  </testcase> <!-- setup -->
  <system-out/>
  <testcase classname="com.qa.mobileTesting.todo.TestNGTodoMobile" name="basicTest" time="0.001">
    <skipped/>
  </testcase> <!-- basicTest -->
  <system-out/>
</testsuite> <!-- com.qa.mobileTesting.todo.TestNGTodoMobile -->
