<?xml version="1.0" encoding="UTF-8"?>
<!-- Generated by org.testng.reporters.JUnitReportReporter -->
<testsuite hostname="ATMECSINLT-1194" failures="0" tests="1" name="com.qa.mobileTesting.todo.TestNGTodo1" time="26.787" errors="0" timestamp="2023-06-27T18:26:28 IST" skipped="0">
  <testcase classname="com.qa.mobileTesting.todo.TestNGTodo1" name="basicTest" time="26.787"/>
  <system-out/>
</testsuite> <!-- com.qa.mobileTesting.todo.TestNGTodo1 -->
