<?xml version="1.0" encoding="UTF-8"?>
<!-- Generated by org.testng.reporters.JUnitReportReporter -->
<testsuite hostname="ATMECSINLT-1194" failures="0" tests="1" name="com.qa.mobileTesting.todo.TestNGTodo2" time="19.600" errors="0" timestamp="2023-06-27T18:29:51 IST" skipped="0">
  <testcase classname="com.qa.mobileTesting.todo.TestNGTodo2" name="basicTest" time="19.600"/>
  <system-out/>
</testsuite> <!-- com.qa.mobileTesting.todo.TestNGTodo2 -->
